<?xml version="1.0" encoding="UTF-8"?>
<coverage generated="1627081419406" clover="3.2.0">
  <project timestamp="1627081419406" name="All files">
    <metrics statements="118" coveredstatements="118" conditionals="24" coveredconditionals="24" methods="47" coveredmethods="47" elements="189" coveredelements="189" complexity="0" loc="118" ncloc="118" packages="4" files="15" classes="15"/>
    <package name="components">
      <metrics statements="66" coveredstatements="66" conditionals="14" coveredconditionals="14" methods="34" coveredmethods="34"/>
      <file name="AddReminder.tsx" path="C:\dev\calendar-appointments\src\components\AddReminder.tsx">
        <metrics statements="9" coveredstatements="9" conditionals="0" coveredconditionals="0" methods="4" coveredmethods="4"/>
        <line num="13" count="5" type="stmt"/>
        <line num="14" count="9" type="stmt"/>
        <line num="28" count="5" type="stmt"/>
        <line num="29" count="14" type="stmt"/>
        <line num="30" count="31" type="stmt"/>
        <line num="32" count="14" type="stmt"/>
        <line num="33" count="14" type="stmt"/>
        <line num="34" count="1" type="stmt"/>
        <line num="36" count="14" type="stmt"/>
      </file>
      <file name="AgendaDay.tsx" path="C:\dev\calendar-appointments\src\components\AgendaDay.tsx">
        <metrics statements="9" coveredstatements="9" conditionals="2" coveredconditionals="2" methods="4" coveredmethods="4"/>
        <line num="15" count="5" type="stmt"/>
        <line num="16" count="9" type="stmt"/>
        <line num="34" count="5" type="stmt"/>
        <line num="35" count="29" type="stmt"/>
        <line num="36" count="12" type="stmt"/>
        <line num="37" count="12" type="stmt"/>
        <line num="38" count="1" type="stmt"/>
        <line num="41" count="12" type="cond" truecount="2" falsecount="0"/>
        <line num="43" count="12" type="stmt"/>
      </file>
      <file name="App.tsx" path="C:\dev\calendar-appointments\src\components\App.tsx">
        <metrics statements="13" coveredstatements="13" conditionals="0" coveredconditionals="0" methods="7" coveredmethods="7"/>
        <line num="20" count="5" type="stmt"/>
        <line num="21" count="5" type="stmt"/>
        <line num="58" count="7" type="stmt"/>
        <line num="59" count="7" type="stmt"/>
        <line num="60" count="1" type="stmt"/>
        <line num="62" count="7" type="stmt"/>
        <line num="64" count="7" type="stmt"/>
        <line num="65" count="1" type="stmt"/>
        <line num="68" count="7" type="stmt"/>
        <line num="69" count="1" type="stmt"/>
        <line num="72" count="7" type="stmt"/>
        <line num="73" count="7" type="stmt"/>
        <line num="75" count="7" type="stmt"/>
      </file>
      <file name="CalendarDay.tsx" path="C:\dev\calendar-appointments\src\components\CalendarDay.tsx">
        <metrics statements="14" coveredstatements="14" conditionals="12" coveredconditionals="12" methods="7" coveredmethods="7"/>
        <line num="11" count="5" type="stmt"/>
        <line num="12" count="14" type="stmt"/>
        <line num="65" count="5" type="stmt"/>
        <line num="73" count="312" type="stmt"/>
        <line num="74" count="312" type="stmt"/>
        <line num="75" count="2" type="stmt"/>
        <line num="77" count="312" type="stmt"/>
        <line num="79" count="312" type="stmt"/>
        <line num="81" count="312" type="cond" truecount="4" falsecount="0"/>
        <line num="89" count="312" type="stmt"/>
        <line num="90" count="312" type="stmt"/>
        <line num="91" count="312" type="stmt"/>
        <line num="93" count="312" type="stmt"/>
        <line num="100" count="2" type="cond" truecount="2" falsecount="0"/>
      </file>
      <file name="CalendarGrid.tsx" path="C:\dev\calendar-appointments\src\components\CalendarGrid.tsx">
        <metrics statements="5" coveredstatements="5" conditionals="0" coveredconditionals="0" methods="2" coveredmethods="2"/>
        <line num="7" count="5" type="stmt"/>
        <line num="8" count="5" type="stmt"/>
        <line num="19" count="5" type="stmt"/>
        <line num="23" count="7" type="stmt"/>
        <line num="24" count="7" type="stmt"/>
      </file>
      <file name="CalendarGridDayName.tsx" path="C:\dev\calendar-appointments\src\components\CalendarGridDayName.tsx">
        <metrics statements="2" coveredstatements="2" conditionals="0" coveredconditionals="0" methods="1" coveredmethods="1"/>
        <line num="3" count="5" type="stmt"/>
        <line num="4" count="49" type="stmt"/>
      </file>
      <file name="CalendarGridDaysRow.tsx" path="C:\dev\calendar-appointments\src\components\CalendarGridDaysRow.tsx">
        <metrics statements="5" coveredstatements="5" conditionals="0" coveredconditionals="0" methods="3" coveredmethods="3"/>
        <line num="6" count="5" type="stmt"/>
        <line num="7" count="5" type="stmt"/>
        <line num="17" count="5" type="stmt"/>
        <line num="18" count="7" type="stmt"/>
        <line num="20" count="49" type="stmt"/>
      </file>
      <file name="CalendarGridMonth.tsx" path="C:\dev\calendar-appointments\src\components\CalendarGridMonth.tsx">
        <metrics statements="5" coveredstatements="5" conditionals="0" coveredconditionals="0" methods="3" coveredmethods="3"/>
        <line num="5" count="5" type="stmt"/>
        <line num="6" count="5" type="stmt"/>
        <line num="17" count="5" type="stmt"/>
        <line num="25" count="7" type="stmt"/>
        <line num="27" count="294" type="stmt"/>
      </file>
      <file name="NextIndexWrapper.tsx" path="C:\dev\calendar-appointments\src\components\NextIndexWrapper.tsx">
        <metrics statements="4" coveredstatements="4" conditionals="0" coveredconditionals="0" methods="3" coveredmethods="3"/>
        <line num="12" count="1" type="stmt"/>
        <line num="25" count="17" type="stmt"/>
        <line num="34" count="17" type="stmt"/>
        <line num="42" count="1" type="stmt"/>
      </file>
    </package>
    <package name="pages">
      <metrics statements="3" coveredstatements="3" conditionals="0" coveredconditionals="0" methods="2" coveredmethods="2"/>
      <file name="[[...slug]].tsx" path="C:\dev\calendar-appointments\src\pages\[[...slug]].tsx">
        <metrics statements="3" coveredstatements="3" conditionals="0" coveredconditionals="0" methods="2" coveredmethods="2"/>
        <line num="11" count="1" type="stmt"/>
        <line num="12" count="1" type="stmt"/>
        <line num="17" count="1" type="stmt"/>
      </file>
    </package>
    <package name="redux">
      <metrics statements="29" coveredstatements="29" conditionals="10" coveredconditionals="10" methods="10" coveredmethods="10"/>
      <file name="actions.ts" path="C:\dev\calendar-appointments\src\redux\actions.ts">
        <metrics statements="10" coveredstatements="10" conditionals="0" coveredconditionals="0" methods="5" coveredmethods="5"/>
        <line num="2" count="5" type="stmt"/>
        <line num="3" count="5" type="stmt"/>
        <line num="4" count="5" type="stmt"/>
        <line num="5" count="5" type="stmt"/>
        <line num="6" count="5" type="stmt"/>
        <line num="10" count="2" type="stmt"/>
        <line num="14" count="1" type="stmt"/>
        <line num="18" count="1" type="stmt"/>
        <line num="22" count="1" type="stmt"/>
        <line num="26" count="20" type="stmt"/>
      </file>
      <file name="hooks.ts" path="C:\dev\calendar-appointments\src\redux\hooks.ts">
        <metrics statements="2" coveredstatements="2" conditionals="0" coveredconditionals="0" methods="1" coveredmethods="1"/>
        <line num="7" count="345" type="stmt"/>
        <line num="8" count="5" type="stmt"/>
      </file>
      <file name="reducers.ts" path="C:\dev\calendar-appointments\src\redux\reducers.ts">
        <metrics statements="11" coveredstatements="11" conditionals="8" coveredconditionals="8" methods="2" coveredmethods="2"/>
        <line num="10" count="5" type="stmt"/>
        <line num="15" count="5" type="stmt"/>
        <line num="20" count="42" type="cond" truecount="3" falsecount="0"/>
        <line num="22" count="2" type="stmt"/>
        <line num="27" count="1" type="stmt"/>
        <line num="32" count="39" type="stmt"/>
        <line num="37" count="42" type="cond" truecount="3" falsecount="0"/>
        <line num="39" count="1" type="stmt"/>
        <line num="43" count="1" type="stmt"/>
        <line num="47" count="40" type="stmt"/>
        <line num="51" count="5" type="stmt"/>
      </file>
      <file name="store.ts" path="C:\dev\calendar-appointments\src\redux\store.ts">
        <metrics statements="6" coveredstatements="6" conditionals="2" coveredconditionals="2" methods="2" coveredmethods="2"/>
        <line num="7" count="5" type="stmt"/>
        <line num="8" count="28" type="cond" truecount="2" falsecount="0"/>
        <line num="9" count="20" type="stmt"/>
        <line num="11" count="28" type="stmt"/>
        <line num="17" count="5" type="stmt"/>
        <line num="20" count="5" type="stmt"/>
      </file>
    </package>
    <package name="utils">
      <metrics statements="20" coveredstatements="20" conditionals="0" coveredconditionals="0" methods="1" coveredmethods="1"/>
      <file name="dateUtils.ts" path="C:\dev\calendar-appointments\src\utils\dateUtils.ts">
        <metrics statements="20" coveredstatements="20" conditionals="0" coveredconditionals="0" methods="1" coveredmethods="1"/>
        <line num="10" count="5" type="stmt"/>
        <line num="19" count="5" type="stmt"/>
        <line num="36" count="7" type="stmt"/>
        <line num="39" count="7" type="stmt"/>
        <line num="42" count="7" type="stmt"/>
        <line num="43" count="7" type="stmt"/>
        <line num="44" count="7" type="stmt"/>
        <line num="45" count="7" type="stmt"/>
        <line num="46" count="7" type="stmt"/>
        <line num="50" count="7" type="stmt"/>
        <line num="51" count="7" type="stmt"/>
        <line num="52" count="7" type="stmt"/>
        <line num="55" count="7" type="stmt"/>
        <line num="56" count="22" type="stmt"/>
        <line num="61" count="7" type="stmt"/>
        <line num="62" count="216" type="stmt"/>
        <line num="67" count="7" type="stmt"/>
        <line num="68" count="56" type="stmt"/>
        <line num="74" count="7" type="stmt"/>
        <line num="76" count="7" type="stmt"/>
      </file>
    </package>
  </project>
</coverage>
