{
  "C:\\dev\\calendar-appointments\\src\\components\\AddReminder.tsx": {
    "path": "C:\\dev\\calendar-appointments\\src\\components\\AddReminder.tsx",
    "statementMap": {
      "0": {
        "start": { "line": 13, "column": 15 },
        "end": { "line": 26, "column": 4 }
      },
      "1": {
        "start": { "line": 14, "column": 2 },
        "end": { "line": 26, "column": 4 }
      },
      "2": {
        "start": { "line": 28, "column": 20 },
        "end": { "line": 62, "column": 1 }
      },
      "3": {
        "start": { "line": 29, "column": 21 },
        "end": { "line": 31, "column": 3 }
      },
      "4": {
        "start": { "line": 30, "column": 31 },
        "end": { "line": 30, "column": 48 }
      },
      "5": {
        "start": { "line": 32, "column": 19 },
        "end": { "line": 32, "column": 35 }
      },
      "6": {
        "start": { "line": 33, "column": 18 },
        "end": { "line": 35, "column": 3 }
      },
      "7": {
        "start": { "line": 34, "column": 4 },
        "end": { "line": 34, "column": 32 }
      },
      "8": {
        "start": { "line": 36, "column": 2 },
        "end": { "line": 61, "column": 3 }
      }
    },
    "fnMap": {
      "0": {
        "name": "(anonymous_0)",
        "decl": {
          "start": { "line": 13, "column": 15 },
          "end": { "line": 13, "column": 16 }
        },
        "loc": {
          "start": { "line": 14, "column": 2 },
          "end": { "line": 26, "column": 4 }
        },
        "line": 14
      },
      "1": {
        "name": "(anonymous_1)",
        "decl": {
          "start": { "line": 28, "column": 20 },
          "end": { "line": 28, "column": 21 }
        },
        "loc": {
          "start": { "line": 28, "column": 64 },
          "end": { "line": 62, "column": 1 }
        },
        "line": 28
      },
      "2": {
        "name": "(anonymous_2)",
        "decl": {
          "start": { "line": 30, "column": 4 },
          "end": { "line": 30, "column": 5 }
        },
        "loc": {
          "start": { "line": 30, "column": 31 },
          "end": { "line": 30, "column": 48 }
        },
        "line": 30
      },
      "3": {
        "name": "(anonymous_3)",
        "decl": {
          "start": { "line": 33, "column": 18 },
          "end": { "line": 33, "column": 19 }
        },
        "loc": {
          "start": { "line": 33, "column": 24 },
          "end": { "line": 35, "column": 3 }
        },
        "line": 33
      }
    },
    "branchMap": {},
    "s": {
      "0": 5,
      "1": 9,
      "2": 5,
      "3": 14,
      "4": 31,
      "5": 14,
      "6": 14,
      "7": 1,
      "8": 14
    },
    "f": { "0": 9, "1": 14, "2": 31, "3": 1 },
    "b": {},
    "_coverageSchema": "1a1c01bbd47fc00a2c39e90264f33305004495a9",
    "hash": "bd679cfcc056cc9fd28a1576f1a1d2e04767a640"
  },
  "C:\\dev\\calendar-appointments\\src\\components\\AgendaDay.tsx": {
    "path": "C:\\dev\\calendar-appointments\\src\\components\\AgendaDay.tsx",
    "statementMap": {
      "0": {
        "start": { "line": 15, "column": 15 },
        "end": { "line": 32, "column": 4 }
      },
      "1": {
        "start": { "line": 16, "column": 2 },
        "end": { "line": 32, "column": 4 }
      },
      "2": {
        "start": { "line": 34, "column": 18 },
        "end": { "line": 67, "column": 1 }
      },
      "3": {
        "start": { "line": 35, "column": 27 },
        "end": { "line": 35, "column": 77 }
      },
      "4": {
        "start": { "line": 35, "column": 64 },
        "end": { "line": 35, "column": 76 }
      },
      "5": {
        "start": { "line": 36, "column": 19 },
        "end": { "line": 36, "column": 35 }
      },
      "6": {
        "start": { "line": 37, "column": 18 },
        "end": { "line": 39, "column": 3 }
      },
      "7": {
        "start": { "line": 38, "column": 4 },
        "end": { "line": 38, "column": 27 }
      },
      "8": {
        "start": { "line": 41, "column": 20 },
        "end": { "line": 41, "column": 68 }
      },
      "9": {
        "start": { "line": 43, "column": 2 },
        "end": { "line": 66, "column": 3 }
      }
    },
    "fnMap": {
      "0": {
        "name": "(anonymous_0)",
        "decl": {
          "start": { "line": 15, "column": 15 },
          "end": { "line": 15, "column": 16 }
        },
        "loc": {
          "start": { "line": 16, "column": 2 },
          "end": { "line": 32, "column": 4 }
        },
        "line": 16
      },
      "1": {
        "name": "(anonymous_1)",
        "decl": {
          "start": { "line": 34, "column": 18 },
          "end": { "line": 34, "column": 19 }
        },
        "loc": {
          "start": { "line": 34, "column": 62 },
          "end": { "line": 67, "column": 1 }
        },
        "line": 34
      },
      "2": {
        "name": "(anonymous_2)",
        "decl": {
          "start": { "line": 35, "column": 42 },
          "end": { "line": 35, "column": 43 }
        },
        "loc": {
          "start": { "line": 35, "column": 64 },
          "end": { "line": 35, "column": 76 }
        },
        "line": 35
      },
      "3": {
        "name": "(anonymous_3)",
        "decl": {
          "start": { "line": 37, "column": 18 },
          "end": { "line": 37, "column": 19 }
        },
        "loc": {
          "start": { "line": 37, "column": 24 },
          "end": { "line": 39, "column": 3 }
        },
        "line": 37
      }
    },
    "branchMap": {
      "0": {
        "loc": {
          "start": { "line": 41, "column": 20 },
          "end": { "line": 41, "column": 68 }
        },
        "type": "cond-expr",
        "locations": [
          {
            "start": { "line": 41, "column": 27 },
            "end": { "line": 41, "column": 56 }
          },
          {
            "start": { "line": 41, "column": 59 },
            "end": { "line": 41, "column": 68 }
          }
        ],
        "line": 41
      }
    },
    "s": {
      "0": 5,
      "1": 9,
      "2": 5,
      "3": 12,
      "4": 29,
      "5": 12,
      "6": 12,
      "7": 1,
      "8": 12,
      "9": 12
    },
    "f": { "0": 9, "1": 12, "2": 29, "3": 1 },
    "b": { "0": [2, 10] },
    "_coverageSchema": "1a1c01bbd47fc00a2c39e90264f33305004495a9",
    "hash": "f297d75be350f572816e4bc4f58eae8c95f274e9"
  },
  "C:\\dev\\calendar-appointments\\src\\components\\App.tsx": {
    "path": "C:\\dev\\calendar-appointments\\src\\components\\App.tsx",
    "statementMap": {
      "0": {
        "start": { "line": 20, "column": 15 },
        "end": { "line": 55, "column": 4 }
      },
      "1": {
        "start": { "line": 21, "column": 2 },
        "end": { "line": 55, "column": 4 }
      },
      "2": {
        "start": { "line": 58, "column": 19 },
        "end": { "line": 58, "column": 35 }
      },
      "3": {
        "start": { "line": 59, "column": 24 },
        "end": { "line": 61, "column": 3 }
      },
      "4": {
        "start": { "line": 60, "column": 4 },
        "end": { "line": 60, "column": 31 }
      },
      "5": {
        "start": { "line": 62, "column": 38 },
        "end": { "line": 62, "column": 58 }
      },
      "6": {
        "start": { "line": 64, "column": 20 },
        "end": { "line": 66, "column": 3 }
      },
      "7": {
        "start": { "line": 65, "column": 4 },
        "end": { "line": 65, "column": 61 }
      },
      "8": {
        "start": { "line": 65, "column": 35 },
        "end": { "line": 65, "column": 60 }
      },
      "9": {
        "start": { "line": 68, "column": 20 },
        "end": { "line": 70, "column": 3 }
      },
      "10": {
        "start": { "line": 69, "column": 4 },
        "end": { "line": 69, "column": 61 }
      },
      "11": {
        "start": { "line": 69, "column": 35 },
        "end": { "line": 69, "column": 60 }
      },
      "12": {
        "start": { "line": 72, "column": 16 },
        "end": { "line": 72, "column": 69 }
      },
      "13": {
        "start": { "line": 73, "column": 15 },
        "end": { "line": 73, "column": 34 }
      },
      "14": {
        "start": { "line": 75, "column": 2 },
        "end": { "line": 101, "column": 3 }
      }
    },
    "fnMap": {
      "0": {
        "name": "(anonymous_0)",
        "decl": {
          "start": { "line": 20, "column": 15 },
          "end": { "line": 20, "column": 16 }
        },
        "loc": {
          "start": { "line": 21, "column": 2 },
          "end": { "line": 55, "column": 4 }
        },
        "line": 21
      },
      "1": {
        "name": "App",
        "decl": {
          "start": { "line": 57, "column": 9 },
          "end": { "line": 57, "column": 12 }
        },
        "loc": {
          "start": { "line": 57, "column": 53 },
          "end": { "line": 102, "column": 1 }
        },
        "line": 57
      },
      "2": {
        "name": "(anonymous_2)",
        "decl": {
          "start": { "line": 59, "column": 24 },
          "end": { "line": 59, "column": 25 }
        },
        "loc": {
          "start": { "line": 59, "column": 30 },
          "end": { "line": 61, "column": 3 }
        },
        "line": 59
      },
      "3": {
        "name": "(anonymous_3)",
        "decl": {
          "start": { "line": 64, "column": 20 },
          "end": { "line": 64, "column": 21 }
        },
        "loc": {
          "start": { "line": 64, "column": 26 },
          "end": { "line": 66, "column": 3 }
        },
        "line": 64
      },
      "4": {
        "name": "(anonymous_4)",
        "decl": {
          "start": { "line": 65, "column": 18 },
          "end": { "line": 65, "column": 19 }
        },
        "loc": {
          "start": { "line": 65, "column": 35 },
          "end": { "line": 65, "column": 60 }
        },
        "line": 65
      },
      "5": {
        "name": "(anonymous_5)",
        "decl": {
          "start": { "line": 68, "column": 20 },
          "end": { "line": 68, "column": 21 }
        },
        "loc": {
          "start": { "line": 68, "column": 26 },
          "end": { "line": 70, "column": 3 }
        },
        "line": 68
      },
      "6": {
        "name": "(anonymous_6)",
        "decl": {
          "start": { "line": 69, "column": 18 },
          "end": { "line": 69, "column": 19 }
        },
        "loc": {
          "start": { "line": 69, "column": 35 },
          "end": { "line": 69, "column": 60 }
        },
        "line": 69
      }
    },
    "branchMap": {},
    "s": {
      "0": 5,
      "1": 5,
      "2": 7,
      "3": 7,
      "4": 1,
      "5": 7,
      "6": 7,
      "7": 1,
      "8": 1,
      "9": 7,
      "10": 1,
      "11": 1,
      "12": 7,
      "13": 7,
      "14": 7
    },
    "f": { "0": 5, "1": 7, "2": 1, "3": 1, "4": 1, "5": 1, "6": 1 },
    "b": {},
    "_coverageSchema": "1a1c01bbd47fc00a2c39e90264f33305004495a9",
    "hash": "ffa18f7e21e660895566ea440465d8ec18503352"
  },
  "C:\\dev\\calendar-appointments\\src\\components\\CalendarDay.tsx": {
    "path": "C:\\dev\\calendar-appointments\\src\\components\\CalendarDay.tsx",
    "statementMap": {
      "0": {
        "start": { "line": 11, "column": 15 },
        "end": { "line": 63, "column": 4 }
      },
      "1": {
        "start": { "line": 12, "column": 2 },
        "end": { "line": 63, "column": 4 }
      },
      "2": {
        "start": { "line": 65, "column": 20 },
        "end": { "line": 115, "column": 1 }
      },
      "3": {
        "start": { "line": 73, "column": 19 },
        "end": { "line": 73, "column": 35 }
      },
      "4": {
        "start": { "line": 74, "column": 21 },
        "end": { "line": 76, "column": 3 }
      },
      "5": {
        "start": { "line": 75, "column": 4 },
        "end": { "line": 75, "column": 36 }
      },
      "6": {
        "start": { "line": 77, "column": 32 },
        "end": { "line": 77, "column": 47 }
      },
      "7": {
        "start": { "line": 79, "column": 18 },
        "end": { "line": 79, "column": 56 }
      },
      "8": {
        "start": { "line": 81, "column": 4 },
        "end": { "line": 87, "column": 26 }
      },
      "9": {
        "start": { "line": 89, "column": 22 },
        "end": { "line": 89, "column": 44 }
      },
      "10": {
        "start": { "line": 89, "column": 28 },
        "end": { "line": 89, "column": 44 }
      },
      "11": {
        "start": { "line": 90, "column": 21 },
        "end": { "line": 90, "column": 44 }
      },
      "12": {
        "start": { "line": 90, "column": 27 },
        "end": { "line": 90, "column": 44 }
      },
      "13": {
        "start": { "line": 91, "column": 18 },
        "end": { "line": 91, "column": 46 }
      },
      "14": {
        "start": { "line": 91, "column": 24 },
        "end": { "line": 91, "column": 46 }
      },
      "15": {
        "start": { "line": 93, "column": 2 },
        "end": { "line": 114, "column": 3 }
      },
      "16": {
        "start": { "line": 100, "column": 28 },
        "end": { "line": 100, "column": 62 }
      }
    },
    "fnMap": {
      "0": {
        "name": "(anonymous_0)",
        "decl": {
          "start": { "line": 11, "column": 15 },
          "end": { "line": 11, "column": 16 }
        },
        "loc": {
          "start": { "line": 12, "column": 2 },
          "end": { "line": 63, "column": 4 }
        },
        "line": 12
      },
      "1": {
        "name": "(anonymous_1)",
        "decl": {
          "start": { "line": 65, "column": 20 },
          "end": { "line": 65, "column": 21 }
        },
        "loc": {
          "start": { "line": 72, "column": 6 },
          "end": { "line": 115, "column": 1 }
        },
        "line": 72
      },
      "2": {
        "name": "(anonymous_2)",
        "decl": {
          "start": { "line": 74, "column": 21 },
          "end": { "line": 74, "column": 22 }
        },
        "loc": {
          "start": { "line": 74, "column": 49 },
          "end": { "line": 76, "column": 3 }
        },
        "line": 74
      },
      "3": {
        "name": "(anonymous_3)",
        "decl": {
          "start": { "line": 89, "column": 22 },
          "end": { "line": 89, "column": 23 }
        },
        "loc": {
          "start": { "line": 89, "column": 28 },
          "end": { "line": 89, "column": 44 }
        },
        "line": 89
      },
      "4": {
        "name": "(anonymous_4)",
        "decl": {
          "start": { "line": 90, "column": 21 },
          "end": { "line": 90, "column": 22 }
        },
        "loc": {
          "start": { "line": 90, "column": 27 },
          "end": { "line": 90, "column": 44 }
        },
        "line": 90
      },
      "5": {
        "name": "(anonymous_5)",
        "decl": {
          "start": { "line": 91, "column": 18 },
          "end": { "line": 91, "column": 19 }
        },
        "loc": {
          "start": { "line": 91, "column": 24 },
          "end": { "line": 91, "column": 46 }
        },
        "line": 91
      },
      "6": {
        "name": "(anonymous_6)",
        "decl": {
          "start": { "line": 100, "column": 17 },
          "end": { "line": 100, "column": 18 }
        },
        "loc": {
          "start": { "line": 100, "column": 28 },
          "end": { "line": 100, "column": 62 }
        },
        "line": 100
      }
    },
    "branchMap": {
      "0": {
        "loc": {
          "start": { "line": 81, "column": 4 },
          "end": { "line": 87, "column": 26 }
        },
        "type": "cond-expr",
        "locations": [
          {
            "start": { "line": 82, "column": 8 },
            "end": { "line": 82, "column": 34 }
          },
          {
            "start": { "line": 83, "column": 8 },
            "end": { "line": 87, "column": 26 }
          }
        ],
        "line": 81
      },
      "1": {
        "loc": {
          "start": { "line": 81, "column": 4 },
          "end": { "line": 81, "column": 22 }
        },
        "type": "binary-expr",
        "locations": [
          {
            "start": { "line": 81, "column": 4 },
            "end": { "line": 81, "column": 11 }
          },
          {
            "start": { "line": 81, "column": 15 },
            "end": { "line": 81, "column": 22 }
          }
        ],
        "line": 81
      },
      "2": {
        "loc": {
          "start": { "line": 83, "column": 8 },
          "end": { "line": 87, "column": 26 }
        },
        "type": "cond-expr",
        "locations": [
          {
            "start": { "line": 84, "column": 8 },
            "end": { "line": 84, "column": 27 }
          },
          {
            "start": { "line": 85, "column": 8 },
            "end": { "line": 87, "column": 26 }
          }
        ],
        "line": 83
      },
      "3": {
        "loc": {
          "start": { "line": 85, "column": 8 },
          "end": { "line": 87, "column": 26 }
        },
        "type": "cond-expr",
        "locations": [
          {
            "start": { "line": 86, "column": 8 },
            "end": { "line": 86, "column": 29 }
          },
          {
            "start": { "line": 87, "column": 8 },
            "end": { "line": 87, "column": 26 }
          }
        ],
        "line": 85
      },
      "4": {
        "loc": {
          "start": { "line": 100, "column": 28 },
          "end": { "line": 100, "column": 62 }
        },
        "type": "binary-expr",
        "locations": [
          {
            "start": { "line": 100, "column": 28 },
            "end": { "line": 100, "column": 49 }
          },
          {
            "start": { "line": 100, "column": 53 },
            "end": { "line": 100, "column": 62 }
          }
        ],
        "line": 100
      },
      "5": {
        "loc": {
          "start": { "line": 104, "column": 8 },
          "end": { "line": 106, "column": 39 }
        },
        "type": "cond-expr",
        "locations": [
          {
            "start": { "line": 105, "column": 12 },
            "end": { "line": 105, "column": 27 }
          },
          {
            "start": { "line": 106, "column": 12 },
            "end": { "line": 106, "column": 39 }
          }
        ],
        "line": 104
      }
    },
    "s": {
      "0": 5,
      "1": 14,
      "2": 5,
      "3": 312,
      "4": 312,
      "5": 2,
      "6": 312,
      "7": 312,
      "8": 312,
      "9": 312,
      "10": 6,
      "11": 312,
      "12": 3,
      "13": 312,
      "14": 2,
      "15": 312,
      "16": 2
    },
    "f": { "0": 14, "1": 312, "2": 2, "3": 6, "4": 3, "5": 2, "6": 2 },
    "b": {
      "0": [5, 307],
      "1": [312, 19],
      "2": [14, 293],
      "3": [1, 292],
      "4": [2, 1],
      "5": [234, 78]
    },
    "_coverageSchema": "1a1c01bbd47fc00a2c39e90264f33305004495a9",
    "hash": "7937ffa2f41719d3f750024e64ce8d51633971a9"
  },
  "C:\\dev\\calendar-appointments\\src\\components\\CalendarGrid.tsx": {
    "path": "C:\\dev\\calendar-appointments\\src\\components\\CalendarGrid.tsx",
    "statementMap": {
      "0": {
        "start": { "line": 7, "column": 15 },
        "end": { "line": 17, "column": 4 }
      },
      "1": {
        "start": { "line": 8, "column": 2 },
        "end": { "line": 17, "column": 4 }
      },
      "2": {
        "start": { "line": 19, "column": 21 },
        "end": { "line": 33, "column": 1 }
      },
      "3": {
        "start": { "line": 23, "column": 24 },
        "end": { "line": 23, "column": 49 }
      },
      "4": {
        "start": { "line": 24, "column": 2 },
        "end": { "line": 32, "column": 3 }
      }
    },
    "fnMap": {
      "0": {
        "name": "(anonymous_0)",
        "decl": {
          "start": { "line": 7, "column": 15 },
          "end": { "line": 7, "column": 16 }
        },
        "loc": {
          "start": { "line": 8, "column": 2 },
          "end": { "line": 17, "column": 4 }
        },
        "line": 8
      },
      "1": {
        "name": "(anonymous_1)",
        "decl": {
          "start": { "line": 19, "column": 21 },
          "end": { "line": 19, "column": 22 }
        },
        "loc": {
          "start": { "line": 22, "column": 56 },
          "end": { "line": 33, "column": 1 }
        },
        "line": 22
      }
    },
    "branchMap": {},
    "s": { "0": 5, "1": 5, "2": 5, "3": 7, "4": 7 },
    "f": { "0": 5, "1": 7 },
    "b": {},
    "_coverageSchema": "1a1c01bbd47fc00a2c39e90264f33305004495a9",
    "hash": "16d39954d2053091e9e3840a6d99f4d25cc2b643"
  },
  "C:\\dev\\calendar-appointments\\src\\components\\CalendarGridDayName.tsx": {
    "path": "C:\\dev\\calendar-appointments\\src\\components\\CalendarGridDayName.tsx",
    "statementMap": {
      "0": {
        "start": { "line": 3, "column": 28 },
        "end": { "line": 5, "column": 1 }
      },
      "1": {
        "start": { "line": 4, "column": 2 },
        "end": { "line": 4, "column": 45 }
      }
    },
    "fnMap": {
      "0": {
        "name": "(anonymous_0)",
        "decl": {
          "start": { "line": 3, "column": 28 },
          "end": { "line": 3, "column": 29 }
        },
        "loc": {
          "start": { "line": 4, "column": 2 },
          "end": { "line": 4, "column": 45 }
        },
        "line": 4
      }
    },
    "branchMap": {},
    "s": { "0": 5, "1": 49 },
    "f": { "0": 49 },
    "b": {},
    "_coverageSchema": "1a1c01bbd47fc00a2c39e90264f33305004495a9",
    "hash": "e29a00f7851dbc6dbd9932cc285023cce136f8eb"
  },
  "C:\\dev\\calendar-appointments\\src\\components\\CalendarGridDaysRow.tsx": {
    "path": "C:\\dev\\calendar-appointments\\src\\components\\CalendarGridDaysRow.tsx",
    "statementMap": {
      "0": {
        "start": { "line": 6, "column": 15 },
        "end": { "line": 15, "column": 4 }
      },
      "1": {
        "start": { "line": 7, "column": 2 },
        "end": { "line": 15, "column": 4 }
      },
      "2": {
        "start": { "line": 17, "column": 28 },
        "end": { "line": 23, "column": 1 }
      },
      "3": {
        "start": { "line": 18, "column": 2 },
        "end": { "line": 22, "column": 8 }
      },
      "4": {
        "start": { "line": 20, "column": 6 },
        "end": { "line": 20, "column": 49 }
      }
    },
    "fnMap": {
      "0": {
        "name": "(anonymous_0)",
        "decl": {
          "start": { "line": 6, "column": 15 },
          "end": { "line": 6, "column": 16 }
        },
        "loc": {
          "start": { "line": 7, "column": 2 },
          "end": { "line": 15, "column": 4 }
        },
        "line": 7
      },
      "1": {
        "name": "(anonymous_1)",
        "decl": {
          "start": { "line": 17, "column": 28 },
          "end": { "line": 17, "column": 29 }
        },
        "loc": {
          "start": { "line": 18, "column": 2 },
          "end": { "line": 22, "column": 8 }
        },
        "line": 18
      },
      "2": {
        "name": "(anonymous_2)",
        "decl": {
          "start": { "line": 19, "column": 19 },
          "end": { "line": 19, "column": 20 }
        },
        "loc": {
          "start": { "line": 20, "column": 6 },
          "end": { "line": 20, "column": 49 }
        },
        "line": 20
      }
    },
    "branchMap": {},
    "s": { "0": 5, "1": 5, "2": 5, "3": 7, "4": 49 },
    "f": { "0": 5, "1": 7, "2": 49 },
    "b": {},
    "_coverageSchema": "1a1c01bbd47fc00a2c39e90264f33305004495a9",
    "hash": "76784a271c4b0472ed5e81cda920a236b0979b83"
  },
  "C:\\dev\\calendar-appointments\\src\\components\\CalendarGridMonth.tsx": {
    "path": "C:\\dev\\calendar-appointments\\src\\components\\CalendarGridMonth.tsx",
    "statementMap": {
      "0": {
        "start": { "line": 5, "column": 15 },
        "end": { "line": 15, "column": 4 }
      },
      "1": {
        "start": { "line": 6, "column": 2 },
        "end": { "line": 15, "column": 4 }
      },
      "2": {
        "start": { "line": 17, "column": 26 },
        "end": { "line": 34, "column": 1 }
      },
      "3": {
        "start": { "line": 25, "column": 2 },
        "end": { "line": 33, "column": 8 }
      },
      "4": {
        "start": { "line": 27, "column": 6 },
        "end": { "line": 31, "column": 8 }
      }
    },
    "fnMap": {
      "0": {
        "name": "(anonymous_0)",
        "decl": {
          "start": { "line": 5, "column": 15 },
          "end": { "line": 5, "column": 16 }
        },
        "loc": {
          "start": { "line": 6, "column": 2 },
          "end": { "line": 15, "column": 4 }
        },
        "line": 6
      },
      "1": {
        "name": "(anonymous_1)",
        "decl": {
          "start": { "line": 17, "column": 26 },
          "end": { "line": 17, "column": 27 }
        },
        "loc": {
          "start": { "line": 25, "column": 2 },
          "end": { "line": 33, "column": 8 }
        },
        "line": 25
      },
      "2": {
        "name": "(anonymous_2)",
        "decl": {
          "start": { "line": 26, "column": 23 },
          "end": { "line": 26, "column": 24 }
        },
        "loc": {
          "start": { "line": 27, "column": 6 },
          "end": { "line": 31, "column": 8 }
        },
        "line": 27
      }
    },
    "branchMap": {},
    "s": { "0": 5, "1": 5, "2": 5, "3": 7, "4": 294 },
    "f": { "0": 5, "1": 7, "2": 294 },
    "b": {},
    "_coverageSchema": "1a1c01bbd47fc00a2c39e90264f33305004495a9",
    "hash": "278555006cddb2984a93ed21020bb3e0d8011bdf"
  },
  "C:\\dev\\calendar-appointments\\src\\components\\NextIndexWrapper.tsx": {
    "path": "C:\\dev\\calendar-appointments\\src\\components\\NextIndexWrapper.tsx",
    "statementMap": {
      "0": {
        "start": { "line": 12, "column": 2 },
        "end": { "line": 18, "column": 3 }
      },
      "1": {
        "start": { "line": 25, "column": 23 },
        "end": { "line": 25, "column": 36 }
      },
      "2": {
        "start": { "line": 34, "column": 2 },
        "end": { "line": 38, "column": 3 }
      },
      "3": {
        "start": { "line": 42, "column": 2 },
        "end": { "line": 42, "column": 54 }
      }
    },
    "fnMap": {
      "0": {
        "name": "NextIndexWrapper",
        "decl": {
          "start": { "line": 11, "column": 24 },
          "end": { "line": 11, "column": 40 }
        },
        "loc": {
          "start": { "line": 11, "column": 43 },
          "end": { "line": 19, "column": 1 }
        },
        "line": 11
      },
      "1": {
        "name": "MaterialUIWrapper",
        "decl": {
          "start": { "line": 21, "column": 16 },
          "end": { "line": 21, "column": 33 }
        },
        "loc": {
          "start": { "line": 21, "column": 79 },
          "end": { "line": 39, "column": 1 }
        },
        "line": 21
      },
      "2": {
        "name": "ReduxWrapper",
        "decl": {
          "start": { "line": 41, "column": 16 },
          "end": { "line": 41, "column": 28 }
        },
        "loc": {
          "start": { "line": 41, "column": 74 },
          "end": { "line": 43, "column": 1 }
        },
        "line": 41
      }
    },
    "branchMap": {},
    "s": { "0": 1, "1": 17, "2": 17, "3": 1 },
    "f": { "0": 1, "1": 17, "2": 1 },
    "b": {},
    "_coverageSchema": "1a1c01bbd47fc00a2c39e90264f33305004495a9",
    "hash": "495915c32925a0d9fbe682f7f8a865a666bcee2d"
  },
  "C:\\dev\\calendar-appointments\\src\\pages\\[[...slug]].tsx": {
    "path": "C:\\dev\\calendar-appointments\\src\\pages\\[[...slug]].tsx",
    "statementMap": {
      "0": {
        "start": { "line": 11, "column": 25 },
        "end": { "line": 14, "column": 1 }
      },
      "1": {
        "start": { "line": 12, "column": 8 },
        "end": { "line": 12, "column": 48 }
      },
      "2": {
        "start": { "line": 17, "column": 2 },
        "end": { "line": 17, "column": 40 }
      }
    },
    "fnMap": {
      "0": {
        "name": "(anonymous_0)",
        "decl": {
          "start": { "line": 12, "column": 2 },
          "end": { "line": 12, "column": 3 }
        },
        "loc": {
          "start": { "line": 12, "column": 8 },
          "end": { "line": 12, "column": 48 }
        },
        "line": 12
      },
      "1": {
        "name": "Page",
        "decl": {
          "start": { "line": 16, "column": 24 },
          "end": { "line": 16, "column": 28 }
        },
        "loc": {
          "start": { "line": 16, "column": 41 },
          "end": { "line": 18, "column": 1 }
        },
        "line": 16
      }
    },
    "branchMap": {},
    "s": { "0": 1, "1": 1, "2": 1 },
    "f": { "0": 1, "1": 1 },
    "b": {},
    "_coverageSchema": "1a1c01bbd47fc00a2c39e90264f33305004495a9",
    "hash": "751ad8865ec9cd8717f5e88e02c5aad654f242c9"
  },
  "C:\\dev\\calendar-appointments\\src\\redux\\actions.ts": {
    "path": "C:\\dev\\calendar-appointments\\src\\redux\\actions.ts",
    "statementMap": {
      "0": {
        "start": { "line": 2, "column": 27 },
        "end": { "line": 2, "column": 40 }
      },
      "1": {
        "start": { "line": 3, "column": 28 },
        "end": { "line": 3, "column": 42 }
      },
      "2": {
        "start": { "line": 4, "column": 33 },
        "end": { "line": 4, "column": 52 }
      },
      "3": {
        "start": { "line": 5, "column": 34 },
        "end": { "line": 5, "column": 54 }
      },
      "4": {
        "start": { "line": 6, "column": 21 },
        "end": { "line": 6, "column": 28 }
      },
      "5": {
        "start": { "line": 10, "column": 2 },
        "end": { "line": 10, "column": 42 }
      },
      "6": {
        "start": { "line": 14, "column": 2 },
        "end": { "line": 14, "column": 31 }
      },
      "7": {
        "start": { "line": 18, "column": 2 },
        "end": { "line": 18, "column": 46 }
      },
      "8": {
        "start": { "line": 22, "column": 2 },
        "end": { "line": 22, "column": 37 }
      },
      "9": {
        "start": { "line": 26, "column": 2 },
        "end": { "line": 26, "column": 24 }
      }
    },
    "fnMap": {
      "0": {
        "name": "openAgenda",
        "decl": {
          "start": { "line": 9, "column": 16 },
          "end": { "line": 9, "column": 26 }
        },
        "loc": {
          "start": { "line": 9, "column": 51 },
          "end": { "line": 11, "column": 1 }
        },
        "line": 9
      },
      "1": {
        "name": "closeAgenda",
        "decl": {
          "start": { "line": 13, "column": 16 },
          "end": { "line": 13, "column": 27 }
        },
        "loc": {
          "start": { "line": 13, "column": 30 },
          "end": { "line": 15, "column": 1 }
        },
        "line": 13
      },
      "2": {
        "name": "openAddReminder",
        "decl": {
          "start": { "line": 17, "column": 16 },
          "end": { "line": 17, "column": 31 }
        },
        "loc": {
          "start": { "line": 17, "column": 48 },
          "end": { "line": 19, "column": 1 }
        },
        "line": 17
      },
      "3": {
        "name": "closeAddReminder",
        "decl": {
          "start": { "line": 21, "column": 16 },
          "end": { "line": 21, "column": 32 }
        },
        "loc": {
          "start": { "line": 21, "column": 35 },
          "end": { "line": 23, "column": 1 }
        },
        "line": 21
      },
      "4": {
        "name": "resetReduxStore",
        "decl": {
          "start": { "line": 25, "column": 16 },
          "end": { "line": 25, "column": 31 }
        },
        "loc": {
          "start": { "line": 25, "column": 34 },
          "end": { "line": 27, "column": 1 }
        },
        "line": 25
      }
    },
    "branchMap": {},
    "s": {
      "0": 5,
      "1": 5,
      "2": 5,
      "3": 5,
      "4": 5,
      "5": 2,
      "6": 1,
      "7": 1,
      "8": 1,
      "9": 20
    },
    "f": { "0": 2, "1": 1, "2": 1, "3": 1, "4": 20 },
    "b": {},
    "_coverageSchema": "1a1c01bbd47fc00a2c39e90264f33305004495a9",
    "hash": "1f06a676e87a165391702a8f2b57cb5d25256993"
  },
  "C:\\dev\\calendar-appointments\\src\\redux\\hooks.ts": {
    "path": "C:\\dev\\calendar-appointments\\src\\redux\\hooks.ts",
    "statementMap": {
      "0": {
        "start": { "line": 7, "column": 30 },
        "end": { "line": 7, "column": 62 }
      },
      "1": {
        "start": { "line": 7, "column": 36 },
        "end": { "line": 7, "column": 62 }
      },
      "2": {
        "start": { "line": 8, "column": 63 },
        "end": { "line": 8, "column": 74 }
      }
    },
    "fnMap": {
      "0": {
        "name": "(anonymous_0)",
        "decl": {
          "start": { "line": 7, "column": 30 },
          "end": { "line": 7, "column": 31 }
        },
        "loc": {
          "start": { "line": 7, "column": 36 },
          "end": { "line": 7, "column": 62 }
        },
        "line": 7
      }
    },
    "branchMap": {},
    "s": { "0": 5, "1": 345, "2": 5 },
    "f": { "0": 345 },
    "b": {},
    "_coverageSchema": "1a1c01bbd47fc00a2c39e90264f33305004495a9",
    "hash": "f2a2bd9cb9ac53d35765fab087406acbd03abe1d"
  },
  "C:\\dev\\calendar-appointments\\src\\redux\\reducers.ts": {
    "path": "C:\\dev\\calendar-appointments\\src\\redux\\reducers.ts",
    "statementMap": {
      "0": {
        "start": { "line": 10, "column": 27 },
        "end": { "line": 13, "column": 1 }
      },
      "1": {
        "start": { "line": 15, "column": 32 },
        "end": { "line": 17, "column": 1 }
      },
      "2": {
        "start": { "line": 20, "column": 2 },
        "end": { "line": 33, "column": 3 }
      },
      "3": {
        "start": { "line": 22, "column": 6 },
        "end": { "line": 25, "column": 7 }
      },
      "4": {
        "start": { "line": 27, "column": 6 },
        "end": { "line": 30, "column": 7 }
      },
      "5": {
        "start": { "line": 32, "column": 6 },
        "end": { "line": 32, "column": 18 }
      },
      "6": {
        "start": { "line": 37, "column": 2 },
        "end": { "line": 48, "column": 3 }
      },
      "7": {
        "start": { "line": 39, "column": 6 },
        "end": { "line": 41, "column": 7 }
      },
      "8": {
        "start": { "line": 43, "column": 6 },
        "end": { "line": 45, "column": 7 }
      },
      "9": {
        "start": { "line": 47, "column": 6 },
        "end": { "line": 47, "column": 18 }
      },
      "10": {
        "start": { "line": 51, "column": 34 },
        "end": { "line": 54, "column": 2 }
      }
    },
    "fnMap": {
      "0": {
        "name": "agendaStatus",
        "decl": {
          "start": { "line": 19, "column": 9 },
          "end": { "line": 19, "column": 21 }
        },
        "loc": {
          "start": { "line": 19, "column": 69 },
          "end": { "line": 34, "column": 1 }
        },
        "line": 19
      },
      "1": {
        "name": "addReminderStatus",
        "decl": {
          "start": { "line": 36, "column": 9 },
          "end": { "line": 36, "column": 26 }
        },
        "loc": {
          "start": { "line": 36, "column": 79 },
          "end": { "line": 49, "column": 1 }
        },
        "line": 36
      }
    },
    "branchMap": {
      "0": {
        "loc": {
          "start": { "line": 19, "column": 22 },
          "end": { "line": 19, "column": 48 }
        },
        "type": "default-arg",
        "locations": [
          {
            "start": { "line": 19, "column": 30 },
            "end": { "line": 19, "column": 48 }
          }
        ],
        "line": 19
      },
      "1": {
        "loc": {
          "start": { "line": 20, "column": 2 },
          "end": { "line": 33, "column": 3 }
        },
        "type": "switch",
        "locations": [
          {
            "start": { "line": 21, "column": 4 },
            "end": { "line": 25, "column": 7 }
          },
          {
            "start": { "line": 26, "column": 4 },
            "end": { "line": 30, "column": 7 }
          },
          {
            "start": { "line": 31, "column": 4 },
            "end": { "line": 32, "column": 18 }
          }
        ],
        "line": 20
      },
      "2": {
        "loc": {
          "start": { "line": 36, "column": 27 },
          "end": { "line": 36, "column": 58 }
        },
        "type": "default-arg",
        "locations": [
          {
            "start": { "line": 36, "column": 35 },
            "end": { "line": 36, "column": 58 }
          }
        ],
        "line": 36
      },
      "3": {
        "loc": {
          "start": { "line": 37, "column": 2 },
          "end": { "line": 48, "column": 3 }
        },
        "type": "switch",
        "locations": [
          {
            "start": { "line": 38, "column": 4 },
            "end": { "line": 41, "column": 7 }
          },
          {
            "start": { "line": 42, "column": 4 },
            "end": { "line": 45, "column": 7 }
          },
          {
            "start": { "line": 46, "column": 4 },
            "end": { "line": 47, "column": 18 }
          }
        ],
        "line": 37
      }
    },
    "s": {
      "0": 5,
      "1": 5,
      "2": 42,
      "3": 2,
      "4": 1,
      "5": 39,
      "6": 42,
      "7": 1,
      "8": 1,
      "9": 40,
      "10": 5
    },
    "f": { "0": 42, "1": 42 },
    "b": { "0": [36], "1": [2, 1, 39], "2": [36], "3": [1, 1, 40] },
    "_coverageSchema": "1a1c01bbd47fc00a2c39e90264f33305004495a9",
    "hash": "91150c361afddec72f9bb052168c0299a01099af"
  },
  "C:\\dev\\calendar-appointments\\src\\redux\\store.ts": {
    "path": "C:\\dev\\calendar-appointments\\src\\redux\\store.ts",
    "statementMap": {
      "0": {
        "start": { "line": 7, "column": 29 },
        "end": { "line": 12, "column": 1 }
      },
      "1": {
        "start": { "line": 8, "column": 2 },
        "end": { "line": 10, "column": 3 }
      },
      "2": {
        "start": { "line": 9, "column": 4 },
        "end": { "line": 9, "column": 27 }
      },
      "3": {
        "start": { "line": 11, "column": 2 },
        "end": { "line": 11, "column": 42 }
      },
      "4": {
        "start": { "line": 17, "column": 14 },
        "end": { "line": 30, "column": 2 }
      },
      "5": {
        "start": { "line": 20, "column": 4 },
        "end": { "line": 29, "column": 6 }
      }
    },
    "fnMap": {
      "0": {
        "name": "(anonymous_0)",
        "decl": {
          "start": { "line": 7, "column": 29 },
          "end": { "line": 7, "column": 30 }
        },
        "loc": {
          "start": { "line": 7, "column": 70 },
          "end": { "line": 12, "column": 1 }
        },
        "line": 7
      },
      "1": {
        "name": "(anonymous_1)",
        "decl": {
          "start": { "line": 19, "column": 14 },
          "end": { "line": 19, "column": 15 }
        },
        "loc": {
          "start": { "line": 20, "column": 4 },
          "end": { "line": 29, "column": 6 }
        },
        "line": 20
      }
    },
    "branchMap": {
      "0": {
        "loc": {
          "start": { "line": 8, "column": 2 },
          "end": { "line": 10, "column": 3 }
        },
        "type": "if",
        "locations": [
          {
            "start": { "line": 8, "column": 2 },
            "end": { "line": 10, "column": 3 }
          },
          {
            "start": { "line": 8, "column": 2 },
            "end": { "line": 10, "column": 3 }
          }
        ],
        "line": 8
      }
    },
    "s": { "0": 5, "1": 28, "2": 20, "3": 28, "4": 5, "5": 5 },
    "f": { "0": 28, "1": 5 },
    "b": { "0": [20, 8] },
    "_coverageSchema": "1a1c01bbd47fc00a2c39e90264f33305004495a9",
    "hash": "a6b0311a7579f3ede6f038eed17907cefa884539"
  },
  "C:\\dev\\calendar-appointments\\src\\utils\\dateUtils.ts": {
    "path": "C:\\dev\\calendar-appointments\\src\\utils\\dateUtils.ts",
    "statementMap": {
      "0": {
        "start": { "line": 10, "column": 25 },
        "end": { "line": 18, "column": 1 }
      },
      "1": {
        "start": { "line": 19, "column": 27 },
        "end": { "line": 32, "column": 1 }
      },
      "2": {
        "start": { "line": 36, "column": 21 },
        "end": { "line": 36, "column": 23 }
      },
      "3": {
        "start": { "line": 39, "column": 16 },
        "end": { "line": 39, "column": 26 }
      },
      "4": {
        "start": { "line": 42, "column": 22 },
        "end": { "line": 42, "column": 43 }
      },
      "5": {
        "start": { "line": 43, "column": 23 },
        "end": { "line": 43, "column": 42 }
      },
      "6": {
        "start": { "line": 44, "column": 22 },
        "end": { "line": 44, "column": 39 }
      },
      "7": {
        "start": { "line": 45, "column": 26 },
        "end": { "line": 45, "column": 46 }
      },
      "8": {
        "start": { "line": 46, "column": 20 },
        "end": { "line": 46, "column": 64 }
      },
      "9": {
        "start": { "line": 50, "column": 25 },
        "end": { "line": 50, "column": 27 }
      },
      "10": {
        "start": { "line": 51, "column": 21 },
        "end": { "line": 51, "column": 23 }
      },
      "11": {
        "start": { "line": 52, "column": 25 },
        "end": { "line": 52, "column": 27 }
      },
      "12": {
        "start": { "line": 55, "column": 2 },
        "end": { "line": 59, "column": 3 }
      },
      "13": {
        "start": { "line": 55, "column": 15 },
        "end": { "line": 55, "column": 30 }
      },
      "14": {
        "start": { "line": 56, "column": 4 },
        "end": { "line": 58, "column": 6 }
      },
      "15": {
        "start": { "line": 61, "column": 2 },
        "end": { "line": 65, "column": 3 }
      },
      "16": {
        "start": { "line": 61, "column": 15 },
        "end": { "line": 61, "column": 16 }
      },
      "17": {
        "start": { "line": 62, "column": 4 },
        "end": { "line": 64, "column": 6 }
      },
      "18": {
        "start": { "line": 67, "column": 2 },
        "end": { "line": 71, "column": 3 }
      },
      "19": {
        "start": { "line": 67, "column": 15 },
        "end": { "line": 67, "column": 16 }
      },
      "20": {
        "start": { "line": 68, "column": 4 },
        "end": { "line": 70, "column": 6 }
      },
      "21": {
        "start": { "line": 74, "column": 24 },
        "end": { "line": 74, "column": 77 }
      },
      "22": {
        "start": { "line": 76, "column": 2 },
        "end": { "line": 76, "column": 22 }
      }
    },
    "fnMap": {
      "0": {
        "name": "getMonthCells",
        "decl": {
          "start": { "line": 34, "column": 16 },
          "end": { "line": 34, "column": 29 }
        },
        "loc": {
          "start": { "line": 34, "column": 48 },
          "end": { "line": 77, "column": 1 }
        },
        "line": 34
      }
    },
    "branchMap": {},
    "s": {
      "0": 5,
      "1": 5,
      "2": 7,
      "3": 7,
      "4": 7,
      "5": 7,
      "6": 7,
      "7": 7,
      "8": 7,
      "9": 7,
      "10": 7,
      "11": 7,
      "12": 7,
      "13": 7,
      "14": 22,
      "15": 7,
      "16": 7,
      "17": 216,
      "18": 7,
      "19": 7,
      "20": 56,
      "21": 7,
      "22": 7
    },
    "f": { "0": 7 },
    "b": {},
    "_coverageSchema": "1a1c01bbd47fc00a2c39e90264f33305004495a9",
    "hash": "7ee844c51bffc97e4cfe35c96f64a9a0a917b08e"
  }
}
