TN:
SF:src\components\AddReminder.tsx
FN:13,(anonymous_0)
FN:28,(anonymous_1)
FN:30,(anonymous_2)
FN:33,(anonymous_3)
FNF:4
FNH:4
FNDA:9,(anonymous_0)
FNDA:14,(anonymous_1)
FNDA:31,(anonymous_2)
FNDA:1,(anonymous_3)
DA:13,5
DA:14,9
DA:28,5
DA:29,14
DA:30,31
DA:32,14
DA:33,14
DA:34,1
DA:36,14
LF:9
LH:9
BRF:0
BRH:0
end_of_record
TN:
SF:src\components\AgendaDay.tsx
FN:15,(anonymous_0)
FN:34,(anonymous_1)
FN:35,(anonymous_2)
FN:37,(anonymous_3)
FNF:4
FNH:4
FNDA:9,(anonymous_0)
FNDA:12,(anonymous_1)
FNDA:29,(anonymous_2)
FNDA:1,(anonymous_3)
DA:15,5
DA:16,9
DA:34,5
DA:35,29
DA:36,12
DA:37,12
DA:38,1
DA:41,12
DA:43,12
LF:9
LH:9
BRDA:41,0,0,2
BRDA:41,0,1,10
BRF:2
BRH:2
end_of_record
TN:
SF:src\components\App.tsx
FN:20,(anonymous_0)
FN:57,App
FN:59,(anonymous_2)
FN:64,(anonymous_3)
FN:65,(anonymous_4)
FN:68,(anonymous_5)
FN:69,(anonymous_6)
FNF:7
FNH:7
FNDA:5,(anonymous_0)
FNDA:7,App
FNDA:1,(anonymous_2)
FNDA:1,(anonymous_3)
FNDA:1,(anonymous_4)
FNDA:1,(anonymous_5)
FNDA:1,(anonymous_6)
DA:20,5
DA:21,5
DA:58,7
DA:59,7
DA:60,1
DA:62,7
DA:64,7
DA:65,1
DA:68,7
DA:69,1
DA:72,7
DA:73,7
DA:75,7
LF:13
LH:13
BRF:0
BRH:0
end_of_record
TN:
SF:src\components\CalendarDay.tsx
FN:11,(anonymous_0)
FN:65,(anonymous_1)
FN:74,(anonymous_2)
FN:89,(anonymous_3)
FN:90,(anonymous_4)
FN:91,(anonymous_5)
FN:100,(anonymous_6)
FNF:7
FNH:7
FNDA:14,(anonymous_0)
FNDA:312,(anonymous_1)
FNDA:2,(anonymous_2)
FNDA:6,(anonymous_3)
FNDA:3,(anonymous_4)
FNDA:2,(anonymous_5)
FNDA:2,(anonymous_6)
DA:11,5
DA:12,14
DA:65,5
DA:73,312
DA:74,312
DA:75,2
DA:77,312
DA:79,312
DA:81,312
DA:89,312
DA:90,312
DA:91,312
DA:93,312
DA:100,2
LF:14
LH:14
BRDA:81,0,0,5
BRDA:81,0,1,307
BRDA:81,1,0,312
BRDA:81,1,1,19
BRDA:83,2,0,14
BRDA:83,2,1,293
BRDA:85,3,0,1
BRDA:85,3,1,292
BRDA:100,4,0,2
BRDA:100,4,1,1
BRDA:104,5,0,234
BRDA:104,5,1,78
BRF:12
BRH:12
end_of_record
TN:
SF:src\components\CalendarGrid.tsx
FN:7,(anonymous_0)
FN:19,(anonymous_1)
FNF:2
FNH:2
FNDA:5,(anonymous_0)
FNDA:7,(anonymous_1)
DA:7,5
DA:8,5
DA:19,5
DA:23,7
DA:24,7
LF:5
LH:5
BRF:0
BRH:0
end_of_record
TN:
SF:src\components\CalendarGridDayName.tsx
FN:3,(anonymous_0)
FNF:1
FNH:1
FNDA:49,(anonymous_0)
DA:3,5
DA:4,49
LF:2
LH:2
BRF:0
BRH:0
end_of_record
TN:
SF:src\components\CalendarGridDaysRow.tsx
FN:6,(anonymous_0)
FN:17,(anonymous_1)
FN:19,(anonymous_2)
FNF:3
FNH:3
FNDA:5,(anonymous_0)
FNDA:7,(anonymous_1)
FNDA:49,(anonymous_2)
DA:6,5
DA:7,5
DA:17,5
DA:18,7
DA:20,49
LF:5
LH:5
BRF:0
BRH:0
end_of_record
TN:
SF:src\components\CalendarGridMonth.tsx
FN:5,(anonymous_0)
FN:17,(anonymous_1)
FN:26,(anonymous_2)
FNF:3
FNH:3
FNDA:5,(anonymous_0)
FNDA:7,(anonymous_1)
FNDA:294,(anonymous_2)
DA:5,5
DA:6,5
DA:17,5
DA:25,7
DA:27,294
LF:5
LH:5
BRF:0
BRH:0
end_of_record
TN:
SF:src\components\NextIndexWrapper.tsx
FN:11,NextIndexWrapper
FN:21,MaterialUIWrapper
FN:41,ReduxWrapper
FNF:3
FNH:3
FNDA:1,NextIndexWrapper
FNDA:17,MaterialUIWrapper
FNDA:1,ReduxWrapper
DA:12,1
DA:25,17
DA:34,17
DA:42,1
LF:4
LH:4
BRF:0
BRH:0
end_of_record
TN:
SF:src\pages\[[...slug]].tsx
FN:12,(anonymous_0)
FN:16,Page
FNF:2
FNH:2
FNDA:1,(anonymous_0)
FNDA:1,Page
DA:11,1
DA:12,1
DA:17,1
LF:3
LH:3
BRF:0
BRH:0
end_of_record
TN:
SF:src\redux\actions.ts
FN:9,openAgenda
FN:13,closeAgenda
FN:17,openAddReminder
FN:21,closeAddReminder
FN:25,resetReduxStore
FNF:5
FNH:5
FNDA:2,openAgenda
FNDA:1,closeAgenda
FNDA:1,openAddReminder
FNDA:1,closeAddReminder
FNDA:20,resetReduxStore
DA:2,5
DA:3,5
DA:4,5
DA:5,5
DA:6,5
DA:10,2
DA:14,1
DA:18,1
DA:22,1
DA:26,20
LF:10
LH:10
BRF:0
BRH:0
end_of_record
TN:
SF:src\redux\hooks.ts
FN:7,(anonymous_0)
FNF:1
FNH:1
FNDA:345,(anonymous_0)
DA:7,345
DA:8,5
LF:2
LH:2
BRF:0
BRH:0
end_of_record
TN:
SF:src\redux\reducers.ts
FN:19,agendaStatus
FN:36,addReminderStatus
FNF:2
FNH:2
FNDA:42,agendaStatus
FNDA:42,addReminderStatus
DA:10,5
DA:15,5
DA:20,42
DA:22,2
DA:27,1
DA:32,39
DA:37,42
DA:39,1
DA:43,1
DA:47,40
DA:51,5
LF:11
LH:11
BRDA:19,0,0,36
BRDA:20,1,0,2
BRDA:20,1,1,1
BRDA:20,1,2,39
BRDA:36,2,0,36
BRDA:37,3,0,1
BRDA:37,3,1,1
BRDA:37,3,2,40
BRF:8
BRH:8
end_of_record
TN:
SF:src\redux\store.ts
FN:7,(anonymous_0)
FN:19,(anonymous_1)
FNF:2
FNH:2
FNDA:28,(anonymous_0)
FNDA:5,(anonymous_1)
DA:7,5
DA:8,28
DA:9,20
DA:11,28
DA:17,5
DA:20,5
LF:6
LH:6
BRDA:8,0,0,20
BRDA:8,0,1,8
BRF:2
BRH:2
end_of_record
TN:
SF:src\utils\dateUtils.ts
FN:34,getMonthCells
FNF:1
FNH:1
FNDA:7,getMonthCells
DA:10,5
DA:19,5
DA:36,7
DA:39,7
DA:42,7
DA:43,7
DA:44,7
DA:45,7
DA:46,7
DA:50,7
DA:51,7
DA:52,7
DA:55,7
DA:56,22
DA:61,7
DA:62,216
DA:67,7
DA:68,56
DA:74,7
DA:76,7
LF:20
LH:20
BRF:0
BRH:0
end_of_record
